08:46:32.83 <info> timerId:----------{"_called":false,"_idleTimeout":60000,"_idlePrev":{"_idlePrev":{"_called":false,"_idleTimeout":60000,"_idlePrev":{"_called":false,"_idleTimeout":60000,"_idlePrev":{"_called":false,"_idleTimeout":60000,"_idleStart":1923,"_repeat":null,"_destroyed":false},"_idleStart":1922,"_repeat":null,"_destroyed":false},"_idleStart":1921,"_repeat":null,"_destroyed":false},"_timer":{},"_unrefed":false,"msecs":60000,"nextTick":false},"_idleStart":1923,"_repeat":60000,"_destroyed":false} (in business.js:71)
08:47:32.85 <info> data:<html><head><script>var ar=decodeURIComponent('http://www.163.com%2f');t=setTimeout('location.replace(ar)',2000);var ct=0;function ck(){var x=document.createElement('script');x.src='http://sangfor-ac-5f13:100/src/onlineinfo.js?t='+new Date().getTime();document.body.appendChild(x);if(typeof is_online=='number'&&is_online===1){return;}if(ct>5){location=ar;return;}setTimeout(ck,500);ct++;}function it(){if(typeof(ac_krb_redirect)==='function'){clearTimeout(t);ck();}else{location=ar;}}var eUa=['Edge','Maxthon','MetaSr'];var a=1;var ua=navigator.userAgent;for(var i=0;i<eUa.length;++i){if(ua.indexOf(eUa[i])>-1){a=0;break;}}if(a){lJs('http://sangfor-ac-5f13:100/src/iwa/index.js?t=1536611121',it);}function lJs(src, f){var s=document.createElement('script');s.type='text/javascript';s.src=src;s.onload=s.onreadystatechange=function(){var r=s.readyState;if(r==='loaded'||r ==='complete'||!r){s.onreadystatechange=null;f();}};document.getElementsByTagName('head')[0].appendChild(s);};</script></head><body></body></html> (in business.js:30)
08:47:32.85 <info> network is ok! preHeartBeat: undefined curHeartBeat: undefined (in business.js:38)
08:48:32.86 <info> network is ok! preHeartBeat: undefined curHeartBeat: undefined (in business.js:38)
08:49:32.87 <info> network is ok! preHeartBeat: undefined curHeartBeat: undefined (in business.js:38)
08:50:32.86 <info> data:<html><head><script>var ar=decodeURIComponent('http://www.163.com%2f');t=setTimeout('location.replace(ar)',2000);var ct=0;function ck(){var x=document.createElement('script');x.src='http://sangfor-ac-5f13:100/src/onlineinfo.js?t='+new Date().getTime();document.body.appendChild(x);if(typeof is_online=='number'&&is_online===1){return;}if(ct>5){location=ar;return;}setTimeout(ck,500);ct++;}function it(){if(typeof(ac_krb_redirect)==='function'){clearTimeout(t);ck();}else{location=ar;}}var eUa=['Edge','Maxthon','MetaSr'];var a=1;var ua=navigator.userAgent;for(var i=0;i<eUa.length;++i){if(ua.indexOf(eUa[i])>-1){a=0;break;}}if(a){lJs('http://sangfor-ac-5f13:100/src/iwa/index.js?t=1536611121',it);}function lJs(src, f){var s=document.createElement('script');s.type='text/javascript';s.src=src;s.onload=s.onreadystatechange=function(){var r=s.readyState;if(r==='loaded'||r ==='complete'||!r){s.onreadystatechange=null;f();}};document.getElementsByTagName('head')[0].appendChild(s);};</script></head><body></body></html> (in business.js:30)
08:50:32.86 <info> network is ok! preHeartBeat: undefined curHeartBeat: undefined (in business.js:38)
08:51:01.51 <info> { deviceId: '0165b275783a0000000000010010008e',
  path: '/20003/4/26241',
  payload: 226.2,
  maxAge: 60,
  contentType: 'text/plain' } (in business.js:105)
08:51:03.11 <info> { deviceId: '0165b275783a0000000000010010008e',
  path: '/20002/3/31008',
  payload: 5304,
  maxAge: 60,
  contentType: 'text/plain' } (in business.js:105)
08:51:10.54 <info> { deviceId: '0165b275783a0000000000010010008e',
  path: '/20002/3/31008',
  payload: 5305,
  maxAge: 60,
  contentType: 'text/plain' } (in business.js:105)
08:51:20.22 <info> { deviceId: '0165b275783a0000000000010010008e',
  path: '/20002/3/31008',
  payload: 5306,
  maxAge: 60,
  contentType: 'text/plain' } (in business.js:105)
08:51:32.87 <info> network is ok! preHeartBeat: undefined curHeartBeat: 5306 (in business.js:38)
08:52:32.88 <info> network is ok! preHeartBeat: 5306 curHeartBeat: 5306 (in business.js:38)
08:52:32.88 <info> curHeartBeat=undefined preHeartBeat=undefined. may disconnected. reconnect now.--------1 (in business.js:42)
08:52:34.08 <info> timerId:----------{"_called":false,"_idleTimeout":60000,"_idlePrev":{"_idlePrev":{"_called":false,"_idleTimeout":60000,"_idlePrev":{"_called":false,"_idleTimeout":60000,"_idlePrev":{"_called":false,"_idleTimeout":60000,"_idleStart":363161,"_repeat":null,"_destroyed":false},"_idleStart":363161,"_repeat":null,"_destroyed":false},"_idleStart":362188,"_repeat":null,"_destroyed":false},"_timer":{},"_unrefed":false,"msecs":60000,"nextTick":false},"_idleStart":363161,"_repeat":60000,"_destroyed":false} (in business.js:71)
08:53:34.09 <info> data:<html><head><script>var ar=decodeURIComponent('http://www.163.com%2f');t=setTimeout('location.replace(ar)',2000);var ct=0;function ck(){var x=document.createElement('script');x.src='http://sangfor-ac-5f13:100/src/onlineinfo.js?t='+new Date().getTime();document.body.appendChild(x);if(typeof is_online=='number'&&is_online===1){return;}if(ct>5){location=ar;return;}setTimeout(ck,500);ct++;}function it(){if(typeof(ac_krb_redirect)==='function'){clearTimeout(t);ck();}else{location=ar;}}var eUa=['Edge','Maxthon','MetaSr'];var a=1;var ua=navigator.userAgent;for(var i=0;i<eUa.length;++i){if(ua.indexOf(eUa[i])>-1){a=0;break;}}if(a){lJs('http://sangfor-ac-5f13:100/src/iwa/index.js?t=1536611121',it);}function lJs(src, f){var s=document.createElement('script');s.type='text/javascript';s.src=src;s.onload=s.onreadystatechange=function(){var r=s.readyState;if(r==='loaded'||r ==='complete'||!r){s.onreadystatechange=null;f();}};document.getElementsByTagName('head')[0].appendChild(s);};</script></head><body></body></html> (in business.js:30)
08:53:34.09 <info> network is ok! preHeartBeat: undefined curHeartBeat: undefined (in business.js:38)
08:54:34.11 <info> network is ok! preHeartBeat: undefined curHeartBeat: undefined (in business.js:38)
08:55:34.12 <info> network is ok! preHeartBeat: undefined curHeartBeat: undefined (in business.js:38)
08:56:34.12 <info> data:<html><head><script>var ar=decodeURIComponent('http://www.163.com%2f');t=setTimeout('location.replace(ar)',2000);var ct=0;function ck(){var x=document.createElement('script');x.src='http://sangfor-ac-5f13:100/src/onlineinfo.js?t='+new Date().getTime();document.body.appendChild(x);if(typeof is_online=='number'&&is_online===1){return;}if(ct>5){location=ar;return;}setTimeout(ck,500);ct++;}function it(){if(typeof(ac_krb_redirect)==='function'){clearTimeout(t);ck();}else{location=ar;}}var eUa=['Edge','Maxthon','MetaSr'];var a=1;var ua=navigator.userAgent;for(var i=0;i<eUa.length;++i){if(ua.indexOf(eUa[i])>-1){a=0;break;}}if(a){lJs('http://sangfor-ac-5f13:100/src/iwa/index.js?t=1536611121',it);}function lJs(src, f){var s=document.createElement('script');s.type='text/javascript';s.src=src;s.onload=s.onreadystatechange=function(){var r=s.readyState;if(r==='loaded'||r ==='complete'||!r){s.onreadystatechange=null;f();}};document.getElementsByTagName('head')[0].appendChild(s);};</script></head><body></body></html> (in business.js:30)
08:56:34.12 <info> network is ok! preHeartBeat: undefined curHeartBeat: undefined (in business.js:38)
08:57:34.13 <info> network is ok! preHeartBeat: undefined curHeartBeat: undefined (in business.js:38)
08:58:34.13 <info> network is ok! preHeartBeat: undefined curHeartBeat: undefined (in business.js:38)
08:59:34.12 <info> data:<html><head><script>var ar=decodeURIComponent('http://www.163.com%2f');t=setTimeout('location.replace(ar)',2000);var ct=0;function ck(){var x=document.createElement('script');x.src='http://sangfor-ac-5f13:100/src/onlineinfo.js?t='+new Date().getTime();document.body.appendChild(x);if(typeof is_online=='number'&&is_online===1){return;}if(ct>5){location=ar;return;}setTimeout(ck,500);ct++;}function it(){if(typeof(ac_krb_redirect)==='function'){clearTimeout(t);ck();}else{location=ar;}}var eUa=['Edge','Maxthon','MetaSr'];var a=1;var ua=navigator.userAgent;for(var i=0;i<eUa.length;++i){if(ua.indexOf(eUa[i])>-1){a=0;break;}}if(a){lJs('http://sangfor-ac-5f13:100/src/iwa/index.js?t=1536611121',it);}function lJs(src, f){var s=document.createElement('script');s.type='text/javascript';s.src=src;s.onload=s.onreadystatechange=function(){var r=s.readyState;if(r==='loaded'||r ==='complete'||!r){s.onreadystatechange=null;f();}};document.getElementsByTagName('head')[0].appendChild(s);};</script></head><body></body></html> (in business.js:30)
08:59:34.12 <info> network is ok! preHeartBeat: undefined curHeartBeat: undefined (in business.js:38)
09:00:34.14 <info> network is ok! preHeartBeat: undefined curHeartBeat: undefined (in business.js:38)
09:01:34.13 <info> network is ok! preHeartBeat: undefined curHeartBeat: undefined (in business.js:38)
09:02:34.12 <info> data:<html><head><script>var ar=decodeURIComponent('http://www.163.com%2f');t=setTimeout('location.replace(ar)',2000);var ct=0;function ck(){var x=document.createElement('script');x.src='http://sangfor-ac-5f13:100/src/onlineinfo.js?t='+new Date().getTime();document.body.appendChild(x);if(typeof is_online=='number'&&is_online===1){return;}if(ct>5){location=ar;return;}setTimeout(ck,500);ct++;}function it(){if(typeof(ac_krb_redirect)==='function'){clearTimeout(t);ck();}else{location=ar;}}var eUa=['Edge','Maxthon','MetaSr'];var a=1;var ua=navigator.userAgent;for(var i=0;i<eUa.length;++i){if(ua.indexOf(eUa[i])>-1){a=0;break;}}if(a){lJs('http://sangfor-ac-5f13:100/src/iwa/index.js?t=1536611121',it);}function lJs(src, f){var s=document.createElement('script');s.type='text/javascript';s.src=src;s.onload=s.onreadystatechange=function(){var r=s.readyState;if(r==='loaded'||r ==='complete'||!r){s.onreadystatechange=null;f();}};document.getElementsByTagName('head')[0].appendChild(s);};</script></head><body></body></html> (in business.js:30)
09:02:34.13 <info> network is ok! preHeartBeat: undefined curHeartBeat: undefined (in business.js:38)
09:03:34.14 <info> network is ok! preHeartBeat: undefined curHeartBeat: undefined (in business.js:38)
09:04:34.14 <info> network is ok! preHeartBeat: undefined curHeartBeat: undefined (in business.js:38)
09:05:34.14 <info> data:<html><head><script>var ar=decodeURIComponent('http://www.163.com%2f');t=setTimeout('location.replace(ar)',2000);var ct=0;function ck(){var x=document.createElement('script');x.src='http://sangfor-ac-5f13:100/src/onlineinfo.js?t='+new Date().getTime();document.body.appendChild(x);if(typeof is_online=='number'&&is_online===1){return;}if(ct>5){location=ar;return;}setTimeout(ck,500);ct++;}function it(){if(typeof(ac_krb_redirect)==='function'){clearTimeout(t);ck();}else{location=ar;}}var eUa=['Edge','Maxthon','MetaSr'];var a=1;var ua=navigator.userAgent;for(var i=0;i<eUa.length;++i){if(ua.indexOf(eUa[i])>-1){a=0;break;}}if(a){lJs('http://sangfor-ac-5f13:100/src/iwa/index.js?t=1536611121',it);}function lJs(src, f){var s=document.createElement('script');s.type='text/javascript';s.src=src;s.onload=s.onreadystatechange=function(){var r=s.readyState;if(r==='loaded'||r ==='complete'||!r){s.onreadystatechange=null;f();}};document.getElementsByTagName('head')[0].appendChild(s);};</script></head><body></body></html> (in business.js:30)
09:05:34.14 <info> network is ok! preHeartBeat: undefined curHeartBeat: undefined (in business.js:38)
09:06:34.15 <info> network is ok! preHeartBeat: undefined curHeartBeat: undefined (in business.js:38)
09:07:34.16 <info> network is ok! preHeartBeat: undefined curHeartBeat: undefined (in business.js:38)
09:08:34.15 <info> data:<html><head><script>var ar=decodeURIComponent('http://www.163.com%2f');t=setTimeout('location.replace(ar)',2000);var ct=0;function ck(){var x=document.createElement('script');x.src='http://sangfor-ac-5f13:100/src/onlineinfo.js?t='+new Date().getTime();document.body.appendChild(x);if(typeof is_online=='number'&&is_online===1){return;}if(ct>5){location=ar;return;}setTimeout(ck,500);ct++;}function it(){if(typeof(ac_krb_redirect)==='function'){clearTimeout(t);ck();}else{location=ar;}}var eUa=['Edge','Maxthon','MetaSr'];var a=1;var ua=navigator.userAgent;for(var i=0;i<eUa.length;++i){if(ua.indexOf(eUa[i])>-1){a=0;break;}}if(a){lJs('http://sangfor-ac-5f13:100/src/iwa/index.js?t=1536611121',it);}function lJs(src, f){var s=document.createElement('script');s.type='text/javascript';s.src=src;s.onload=s.onreadystatechange=function(){var r=s.readyState;if(r==='loaded'||r ==='complete'||!r){s.onreadystatechange=null;f();}};document.getElementsByTagName('head')[0].appendChild(s);};</script></head><body></body></html> (in business.js:30)
09:08:34.15 <info> network is ok! preHeartBeat: undefined curHeartBeat: undefined (in business.js:38)
09:09:34.18 <info> network is ok! preHeartBeat: undefined curHeartBeat: undefined (in business.js:38)
09:10:34.17 <info> network is ok! preHeartBeat: undefined curHeartBeat: undefined (in business.js:38)
09:11:34.17 <info> data:<html><head><script>var ar=decodeURIComponent('http://www.163.com%2f');t=setTimeout('location.replace(ar)',2000);var ct=0;function ck(){var x=document.createElement('script');x.src='http://sangfor-ac-5f13:100/src/onlineinfo.js?t='+new Date().getTime();document.body.appendChild(x);if(typeof is_online=='number'&&is_online===1){return;}if(ct>5){location=ar;return;}setTimeout(ck,500);ct++;}function it(){if(typeof(ac_krb_redirect)==='function'){clearTimeout(t);ck();}else{location=ar;}}var eUa=['Edge','Maxthon','MetaSr'];var a=1;var ua=navigator.userAgent;for(var i=0;i<eUa.length;++i){if(ua.indexOf(eUa[i])>-1){a=0;break;}}if(a){lJs('http://sangfor-ac-5f13:100/src/iwa/index.js?t=1536611121',it);}function lJs(src, f){var s=document.createElement('script');s.type='text/javascript';s.src=src;s.onload=s.onreadystatechange=function(){var r=s.readyState;if(r==='loaded'||r ==='complete'||!r){s.onreadystatechange=null;f();}};document.getElementsByTagName('head')[0].appendChild(s);};</script></head><body></body></html> (in business.js:30)
09:11:34.17 <info> network is ok! preHeartBeat: undefined curHeartBeat: undefined (in business.js:38)
09:12:34.18 <info> network is ok! preHeartBeat: undefined curHeartBeat: undefined (in business.js:38)
09:13:34.19 <info> network is ok! preHeartBeat: undefined curHeartBeat: undefined (in business.js:38)
09:14:34.18 <info> data:<html><head><script>var ar=decodeURIComponent('http://www.163.com%2f');t=setTimeout('location.replace(ar)',2000);var ct=0;function ck(){var x=document.createElement('script');x.src='http://sangfor-ac-5f13:100/src/onlineinfo.js?t='+new Date().getTime();document.body.appendChild(x);if(typeof is_online=='number'&&is_online===1){return;}if(ct>5){location=ar;return;}setTimeout(ck,500);ct++;}function it(){if(typeof(ac_krb_redirect)==='function'){clearTimeout(t);ck();}else{location=ar;}}var eUa=['Edge','Maxthon','MetaSr'];var a=1;var ua=navigator.userAgent;for(var i=0;i<eUa.length;++i){if(ua.indexOf(eUa[i])>-1){a=0;break;}}if(a){lJs('http://sangfor-ac-5f13:100/src/iwa/index.js?t=1536611121',it);}function lJs(src, f){var s=document.createElement('script');s.type='text/javascript';s.src=src;s.onload=s.onreadystatechange=function(){var r=s.readyState;if(r==='loaded'||r ==='complete'||!r){s.onreadystatechange=null;f();}};document.getElementsByTagName('head')[0].appendChild(s);};</script></head><body></body></html> (in business.js:30)
09:14:34.19 <info> network is ok! preHeartBeat: undefined curHeartBeat: undefined (in business.js:38)
09:15:34.18 <info> network is ok! preHeartBeat: undefined curHeartBeat: undefined (in business.js:38)
09:16:34.17 <info> network is ok! preHeartBeat: undefined curHeartBeat: undefined (in business.js:38)
09:17:34.17 <info> data:<html><head><script>var ar=decodeURIComponent('http://www.163.com%2f');t=setTimeout('location.replace(ar)',2000);var ct=0;function ck(){var x=document.createElement('script');x.src='http://sangfor-ac-5f13:100/src/onlineinfo.js?t='+new Date().getTime();document.body.appendChild(x);if(typeof is_online=='number'&&is_online===1){return;}if(ct>5){location=ar;return;}setTimeout(ck,500);ct++;}function it(){if(typeof(ac_krb_redirect)==='function'){clearTimeout(t);ck();}else{location=ar;}}var eUa=['Edge','Maxthon','MetaSr'];var a=1;var ua=navigator.userAgent;for(var i=0;i<eUa.length;++i){if(ua.indexOf(eUa[i])>-1){a=0;break;}}if(a){lJs('http://sangfor-ac-5f13:100/src/iwa/index.js?t=1536611121',it);}function lJs(src, f){var s=document.createElement('script');s.type='text/javascript';s.src=src;s.onload=s.onreadystatechange=function(){var r=s.readyState;if(r==='loaded'||r ==='complete'||!r){s.onreadystatechange=null;f();}};document.getElementsByTagName('head')[0].appendChild(s);};</script></head><body></body></html> (in business.js:30)
09:17:34.17 <info> network is ok! preHeartBeat: undefined curHeartBeat: undefined (in business.js:38)
09:18:34.18 <info> network is ok! preHeartBeat: undefined curHeartBeat: undefined (in business.js:38)
09:19:34.19 <info> network is ok! preHeartBeat: undefined curHeartBeat: undefined (in business.js:38)
09:20:34.19 <info> data:<html><head><script>var ar=decodeURIComponent('http://www.163.com%2f');t=setTimeout('location.replace(ar)',2000);var ct=0;function ck(){var x=document.createElement('script');x.src='http://sangfor-ac-5f13:100/src/onlineinfo.js?t='+new Date().getTime();document.body.appendChild(x);if(typeof is_online=='number'&&is_online===1){return;}if(ct>5){location=ar;return;}setTimeout(ck,500);ct++;}function it(){if(typeof(ac_krb_redirect)==='function'){clearTimeout(t);ck();}else{location=ar;}}var eUa=['Edge','Maxthon','MetaSr'];var a=1;var ua=navigator.userAgent;for(var i=0;i<eUa.length;++i){if(ua.indexOf(eUa[i])>-1){a=0;break;}}if(a){lJs('http://sangfor-ac-5f13:100/src/iwa/index.js?t=1536611121',it);}function lJs(src, f){var s=document.createElement('script');s.type='text/javascript';s.src=src;s.onload=s.onreadystatechange=function(){var r=s.readyState;if(r==='loaded'||r ==='complete'||!r){s.onreadystatechange=null;f();}};document.getElementsByTagName('head')[0].appendChild(s);};</script></head><body></body></html> (in business.js:30)
09:20:34.19 <info> network is ok! preHeartBeat: undefined curHeartBeat: undefined (in business.js:38)
09:21:34.19 <info> network is ok! preHeartBeat: undefined curHeartBeat: undefined (in business.js:38)
09:22:34.20 <info> network is ok! preHeartBeat: undefined curHeartBeat: undefined (in business.js:38)
09:23:34.20 <info> data:<html><head><script>var ar=decodeURIComponent('http://www.163.com%2f');t=setTimeout('location.replace(ar)',2000);var ct=0;function ck(){var x=document.createElement('script');x.src='http://sangfor-ac-5f13:100/src/onlineinfo.js?t='+new Date().getTime();document.body.appendChild(x);if(typeof is_online=='number'&&is_online===1){return;}if(ct>5){location=ar;return;}setTimeout(ck,500);ct++;}function it(){if(typeof(ac_krb_redirect)==='function'){clearTimeout(t);ck();}else{location=ar;}}var eUa=['Edge','Maxthon','MetaSr'];var a=1;var ua=navigator.userAgent;for(var i=0;i<eUa.length;++i){if(ua.indexOf(eUa[i])>-1){a=0;break;}}if(a){lJs('http://sangfor-ac-5f13:100/src/iwa/index.js?t=1536611121',it);}function lJs(src, f){var s=document.createElement('script');s.type='text/javascript';s.src=src;s.onload=s.onreadystatechange=function(){var r=s.readyState;if(r==='loaded'||r ==='complete'||!r){s.onreadystatechange=null;f();}};document.getElementsByTagName('head')[0].appendChild(s);};</script></head><body></body></html> (in business.js:30)
09:23:34.20 <info> network is ok! preHeartBeat: undefined curHeartBeat: undefined (in business.js:38)
09:24:34.21 <info> network is ok! preHeartBeat: undefined curHeartBeat: undefined (in business.js:38)
09:25:34.21 <info> network is ok! preHeartBeat: undefined curHeartBeat: undefined (in business.js:38)
09:26:34.21 <info> data:<html><head><script>var ar=decodeURIComponent('http://www.163.com%2f');t=setTimeout('location.replace(ar)',2000);var ct=0;function ck(){var x=document.createElement('script');x.src='http://sangfor-ac-5f13:100/src/onlineinfo.js?t='+new Date().getTime();document.body.appendChild(x);if(typeof is_online=='number'&&is_online===1){return;}if(ct>5){location=ar;return;}setTimeout(ck,500);ct++;}function it(){if(typeof(ac_krb_redirect)==='function'){clearTimeout(t);ck();}else{location=ar;}}var eUa=['Edge','Maxthon','MetaSr'];var a=1;var ua=navigator.userAgent;for(var i=0;i<eUa.length;++i){if(ua.indexOf(eUa[i])>-1){a=0;break;}}if(a){lJs('http://sangfor-ac-5f13:100/src/iwa/index.js?t=1536611121',it);}function lJs(src, f){var s=document.createElement('script');s.type='text/javascript';s.src=src;s.onload=s.onreadystatechange=function(){var r=s.readyState;if(r==='loaded'||r ==='complete'||!r){s.onreadystatechange=null;f();}};document.getElementsByTagName('head')[0].appendChild(s);};</script></head><body></body></html> (in business.js:30)
09:26:34.21 <info> network is ok! preHeartBeat: undefined curHeartBeat: undefined (in business.js:38)
09:27:34.22 <info> network is ok! preHeartBeat: undefined curHeartBeat: undefined (in business.js:38)
09:31:51.88 <info> timerId:----------{"_called":false,"_idleTimeout":60000,"_idlePrev":{"_idlePrev":{"_called":false,"_idleTimeout":60000,"_idlePrev":{"_called":false,"_idleTimeout":60000,"_idlePrev":{"_called":false,"_idleTimeout":60000,"_idleStart":1790,"_repeat":null,"_destroyed":false},"_idleStart":1789,"_repeat":null,"_destroyed":false},"_idleStart":1788,"_repeat":null,"_destroyed":false},"_timer":{},"_unrefed":false,"msecs":60000,"nextTick":false},"_idleStart":1790,"_repeat":60000,"_destroyed":false} (in business.js:74)
09:32:33.77 <info> { deviceId: '0165b275783a0000000000010010008e',
  path: '/20003/4/26241',
  payload: 225.6,
  maxAge: 60,
  contentType: 'text/plain' } (in business.js:108)
09:32:36.48 <info> { deviceId: '0165b275783a0000000000010010008e',
  path: '/20002/3/31008',
  payload: 5535,
  maxAge: 60,
  contentType: 'text/plain' } (in business.js:108)
09:32:41.35 <info> { deviceId: '0165b275783a0000000000010010008e',
  path: '/20002/3/31008',
  payload: 5536,
  maxAge: 60,
  contentType: 'text/plain' } (in business.js:108)
09:32:51.89 <info> data:<html><head><script>var ar=decodeURIComponent('http://www.163.com%2f');t=setTimeout('location.replace(ar)',2000);var ct=0;function ck(){var x=document.createElement('script');x.src='http://sangfor-ac-5f13:100/src/onlineinfo.js?t='+new Date().getTime();document.body.appendChild(x);if(typeof is_online=='number'&&is_online===1){return;}if(ct>5){location=ar;return;}setTimeout(ck,500);ct++;}function it(){if(typeof(ac_krb_redirect)==='function'){clearTimeout(t);ck();}else{location=ar;}}var eUa=['Edge','Maxthon','MetaSr'];var a=1;var ua=navigator.userAgent;for(var i=0;i<eUa.length;++i){if(ua.indexOf(eUa[i])>-1){a=0;break;}}if(a){lJs('http://sangfor-ac-5f13:100/src/iwa/index.js?t=1536611121',it);}function lJs(src, f){var s=document.createElement('script');s.type='text/javascript';s.src=src;s.onload=s.onreadystatechange=function(){var r=s.readyState;if(r==='loaded'||r ==='complete'||!r){s.onreadystatechange=null;f();}};document.getElementsByTagName('head')[0].appendChild(s);};</script></head><body></body></html> (in business.js:30)
09:32:51.89 <info> network is ok! preHeartBeat: undefined curHeartBeat: 5536 (in business.js:38)
09:33:24.54 <info> { deviceId: '0165b275783a0000000000010010008e',
  path: '/20003/4/26241',
  payload: 225.7,
  maxAge: 60,
  contentType: 'text/plain' } (in business.js:108)
09:33:27.82 <info> { deviceId: '0165b275783a0000000000010010008e',
  path: '/20002/3/31008',
  payload: 5539,
  maxAge: 60,
  contentType: 'text/plain' } (in business.js:108)
09:33:27.82 <info> { deviceId: '0165b275783a0000000000010010008e',
  path: '/20002/3/31008',
  payload: 5540,
  maxAge: 60,
  contentType: 'text/plain' } (in business.js:108)
09:33:51.90 <info> network is ok! preHeartBeat: 5536 curHeartBeat: 5540 (in business.js:38)
